This is pdfTeX, Version 3.14159265-2.6-1.40.18 (MiKTeX 2.9.6500 64-bit) (preloaded format=pdflatex 2018.2.3)  3 FEB 2018 23:23
entering extended mode
**./songbook.tex
(songbook.tex
LaTeX2e <2017-04-15>
Babel <3.15> and hyphenation patterns for 75 language(s) loaded.
("C:\Program Files\MiKTeX 2.9\tex\latex\base\article.cls"
Document Class: article 2014/09/29 v1.4h Standard LaTeX document class
("C:\Program Files\MiKTeX 2.9\tex\latex\base\size10.clo"
File: size10.clo 2014/09/29 v1.4h Standard LaTeX file (size option)
)
\c@part=\count79
\c@section=\count80
\c@subsection=\count81
\c@subsubsection=\count82
\c@paragraph=\count83
\c@subparagraph=\count84
\c@figure=\count85
\c@table=\count86
\abovecaptionskip=\skip41
\belowcaptionskip=\skip42
\bibindent=\dimen102
) ("C:\Program Files\MiKTeX 2.9\tex\latex\songs\songs.sty"
Package: songs 2017/06/05 v3.0 Songs package
\SB@dimen=\dimen103
\SB@dimenii=\dimen104
\SB@dimeniii=\dimen105
\SB@dimeniv=\dimen106
\SB@box=\box26
\SB@boxii=\box27
\SB@boxiii=\box28
\SB@toks=\toks14
\SB@cnt=\count87
\SB@cntii=\count88
\SB@skip=\skip43
\SB@envbox=\box29
("C:\Program Files\MiKTeX 2.9\tex\latex\graphics\keyval.sty"
Package: keyval 2014/10/28 v1.15 key=value parser (DPC)
\KV@toks@=\toks15
)
\c@songnum=\count89
\c@versenum=\count90
\versesep=\skip44
\afterpreludeskip=\skip45
\beforepostludeskip=\skip46
\baselineadj=\skip47
\idxheadwidth=\skip48
\songnumwidth=\skip49
\versenumwidth=\skip50
\cbarwidth=\skip51
\sbarheight=\skip52
\vvpenalty=\count91
\ccpenalty=\count92
\vcpenalty=\count93
\cvpenalty=\count94
\brkpenalty=\count95
\spenalty=\count96
\minfrets=\count97
\SB@colwidth=\dimen107
\SB@songbox=\box30
\SB@numcols=\count98
\SB@colnum=\count99
\SB@colbox=\box31
\SB@pgbox=\box32
\SB@mrkbox=\box33
\SB@groupcnt=\count100
\SB@titlelist=\toks16
\SB@titletail=\toks17
\SB@parindent=\dimen108
\SB@chorusbox=\box34
\SB@cmarkclass=\marks1
\SB@nocmarkclass=\marks2
\SB@grouplvl=\count101
\SB@transposefactor=\count102
\SB@lyric=\toks18
\SB@numhyps=\count103
\SB@lyricnohyp=\toks19
\SB@lyricbox=\box35
\SB@chordbox=\box36
\SB@cr@=\toks20
\SB@ctail=\toks21
\SB@fretwidth=\skip53
\SB@tabindent=\dimen109
\c@SB@songsnum=\count104
\SB@songwrites=\box37
LaTeX Font Info:    External font `cmex10' loaded for size
(Font)              <12> on input line 3706.
LaTeX Font Info:    External font `cmex10' loaded for size
(Font)              <8> on input line 3706.
LaTeX Font Info:    External font `cmex10' loaded for size
(Font)              <6> on input line 3706.
LaTeX Font Info:    External font `cmex10' loaded for size
(Font)              <10.95> on input line 3706.
("C:\Program Files\MiKTeX 2.9\tex\latex\graphics\color.sty"
Package: color 2016/07/10 v1.1e Standard LaTeX Color (DPC)
("C:\Program Files\MiKTeX 2.9\tex\latex\graphics-cfg\color.cfg"
File: color.cfg 2016/01/02 v1.6 sample color configuration
)
Package color Info: Driver file: pdftex.def on input line 147.
("C:\Program Files\MiKTeX 2.9\tex\latex\graphics-def\pdftex.def"
File: pdftex.def 2017/06/24 v1.0g Graphics/color driver for pdftex
))) ("C:\Program Files\MiKTeX 2.9\tex\latex\geometry\geometry.sty"
Package: geometry 2010/09/12 v5.6 Page Geometry
("C:\Program Files\MiKTeX 2.9\tex\generic\oberdiek\ifpdf.sty"
Package: ifpdf 2017/03/15 v3.2 Provides the ifpdf switch
) ("C:\Program Files\MiKTeX 2.9\tex\generic\oberdiek\ifvtex.sty"
Package: ifvtex 2016/05/16 v1.6 Detect VTeX and its facilities (HO)
Package ifvtex Info: VTeX not detected.
) ("C:\Program Files\MiKTeX 2.9\tex\generic\ifxetex\ifxetex.sty"
Package: ifxetex 2010/09/12 v0.6 Provides ifxetex conditional
)
\Gm@cnth=\count105
\Gm@cntv=\count106
\c@Gm@tempcnt=\count107
\Gm@bindingoffset=\dimen110
\Gm@wd@mp=\dimen111
\Gm@odd@mp=\dimen112
\Gm@even@mp=\dimen113
\Gm@layoutwidth=\dimen114
\Gm@layoutheight=\dimen115
\Gm@layouthoffset=\dimen116
\Gm@layoutvoffset=\dimen117
\Gm@dimlist=\toks22
("C:\Program Files\MiKTeX 2.9\tex\latex\geometry\geometry.cfg"))
\SB@out=\write3
\openout3 = `songbook.sxc'.

(songbook.aux)
\openout1 = `songbook.aux'.

LaTeX Font Info:    Checking defaults for OML/cmm/m/it on input line 11.
LaTeX Font Info:    ... okay on input line 11.
LaTeX Font Info:    Checking defaults for T1/cmr/m/n on input line 11.
LaTeX Font Info:    ... okay on input line 11.
LaTeX Font Info:    Checking defaults for OT1/cmr/m/n on input line 11.
LaTeX Font Info:    ... okay on input line 11.
LaTeX Font Info:    Checking defaults for OMS/cmsy/m/n on input line 11.
LaTeX Font Info:    ... okay on input line 11.
LaTeX Font Info:    Checking defaults for OMX/cmex/m/n on input line 11.
LaTeX Font Info:    ... okay on input line 11.
LaTeX Font Info:    Checking defaults for U/cmr/m/n on input line 11.
LaTeX Font Info:    ... okay on input line 11.
("C:\Program Files\MiKTeX 2.9\tex\context\base\supp-pdf.mkii"
[Loading MPS to PDF converter (version 2006.09.02).]
\scratchcounter=\count108
\scratchdimen=\dimen118
\scratchbox=\box38
\nofMPsegments=\count109
\nofMParguments=\count110
\everyMPshowfont=\toks23
\MPscratchCnt=\count111
\MPscratchDim=\dimen119
\MPnumerator=\count112
\makeMPintoPDFobject=\count113
\everyMPtoPDFconversion=\toks24
)
*geometry* driver: auto-detecting
*geometry* detected driver: pdftex
*geometry* verbose mode - [ preamble ] result:
* driver: pdftex
* paper: letterpaper
* layout: <same size as paper>
* layoutoffset:(h,v)=(0.0pt,0.0pt)
* modes: 
* h-part:(L,W,R)=(72.26999pt, 469.75502pt, 72.26999pt)
* v-part:(T,H,B)=(72.26999pt, 650.43001pt, 72.26999pt)
* \paperwidth=614.295pt
* \paperheight=794.96999pt
* \textwidth=469.75502pt
* \textheight=650.43001pt
* \oddsidemargin=0.0pt
* \evensidemargin=0.0pt
* \topmargin=-37.0pt
* \headheight=12.0pt
* \headsep=25.0pt
* \topskip=10.0pt
* \footskip=30.0pt
* \marginparwidth=65.0pt
* \marginparsep=11.0pt
* \columnsep=10.0pt
* \skip\footins=9.0pt plus 4.0pt minus 2.0pt
* \hoffset=0.0pt
* \voffset=0.0pt
* \mag=1000
* \@twocolumnfalse
* \@twosidefalse
* \@mparswitchfalse
* \@reversemarginfalse
* (1in=72.27pt=25.4mm, 1cm=28.453pt)

[1

{C:/Users/fiskh/AppData/Local/MiKTeX/2.9/pdftex/config/pdftex.map}] [2] [3

] [4

] [5]
\openout3 = `titleidx.sxd'.

(songbook.sxc)
\openout3 = `authidx.sxd'.

(songbook.sxc) (songbook.aux) ) 
Here is how much of TeX's memory you used:
 2082 strings out of 493312
 26335 string characters out of 3138900
 112595 words of memory out of 3000000
 5653 multiletter control sequences out of 15000+200000
 10276 words of font info for 35 fonts, out of 3000000 for 9000
 1141 hyphenation exceptions out of 8191
 31i,6n,29p,215b,371s stack positions out of 5000i,500n,10000p,200000b,50000s
<C:/Program Files/MiKTeX 2.9/fonts/type1/public/
amsfonts/cm/cmbx5.pfb><C:/Program Files/MiKTeX 2.9/fonts/type1/public/amsfonts/
cm/cmr10.pfb><C:/Program Files/MiKTeX 2.9/fonts/type1/public/amsfonts/cm/cmr8.p
fb><C:/Program Files/MiKTeX 2.9/fonts/type1/public/amsfonts/cm/cmssbx10.pfb><C:
/Program Files/MiKTeX 2.9/fonts/type1/public/amsfonts/cm/cmssi12.pfb>
Output written on songbook.pdf (5 pages, 65265 bytes).
PDF statistics:
 38 PDF objects out of 1000 (max. 8388607)
 0 named destinations out of 1000 (max. 500000)
 1 words of extra memory for PDF output out of 10000 (max. 10000000)

